::1 - - [03/Jan/2020:14:50:39 +0000] "GET / HTTP/1.1" 404 139 "-" "PostmanRuntime/7.21.0"
::1 - - [03/Jan/2020:14:51:51 +0000] "POST / HTTP/1.1" 404 140 "-" "PostmanRuntime/7.21.0"
::1 - - [03/Jan/2020:14:53:58 +0000] "POST /api HTTP/1.1" - - "-" "PostmanRuntime/7.21.0"
::1 - - [03/Jan/2020:14:55:00 +0000] "POST /api/azaza HTTP/1.1" 404 149 "-" "PostmanRuntime/7.21.0"
::1 - - [03/Jan/2020:14:57:42 +0000] "POST /api/azaza HTTP/1.1" 404 149 "-" "PostmanRuntime/7.21.0"
::1 - - [03/Jan/2020:18:23:55 +0000] "POST /api/azaza HTTP/1.1" 404 149 "-" "PostmanRuntime/7.21.0"
::1 - - [03/Jan/2020:18:24:14 +0000] "POST /api/azaza HTTP/1.1" 404 149 "-" "PostmanRuntime/7.21.0"
::1 - - [03/Jan/2020:18:24:18 +0000] "POST /api/azaza HTTP/1.1" 404 149 "-" "PostmanRuntime/7.21.0"
::1 - - [03/Jan/2020:18:24:40 +0000] "POST /api/azaza2 HTTP/1.1" 404 150 "-" "PostmanRuntime/7.21.0"
::1 - - [03/Jan/2020:18:29:30 +0000] "POST /mqtt HTTP/1.1" - - "-" "PostmanRuntime/7.21.0"
::1 - - [03/Jan/2020:18:33:38 +0000] "POST /mqtt?module=test&cmd=testtest HTTP/1.1" - - "-" "PostmanRuntime/7.21.0"
::1 - - [03/Jan/2020:18:37:00 +0000] "POST /mqtt HTTP/1.1" - - "-" "PostmanRuntime/7.21.0"
::1 - - [03/Jan/2020:18:40:27 +0000] "POST /mqtt HTTP/1.1" - - "-" "PostmanRuntime/7.21.0"
::1 - - [03/Jan/2020:22:30:20 +0000] "POST /mqtt HTTP/1.1" 200 - "-" "PostmanRuntime/7.21.0"
::1 - - [04/Jan/2020:10:34:37 +0000] "POST /mqtt HTTP/1.1" 200 - "-" "PostmanRuntime/7.21.0"
::1 - - [04/Jan/2020:10:35:14 +0000] "POST /mqtt HTTP/1.1" 200 - "-" "PostmanRuntime/7.21.0"
::1 - - [04/Jan/2020:10:35:59 +0000] "POST /mqtt HTTP/1.1" 200 - "-" "PostmanRuntime/7.21.0"
::1 - - [04/Jan/2020:11:08:53 +0000] "POST /mqtt HTTP/1.1" 500 2 "-" "PostmanRuntime/7.21.0"
::1 - - [04/Jan/2020:11:09:14 +0000] "POST /mqtt HTTP/1.1" 500 2 "-" "PostmanRuntime/7.21.0"
::1 - - [04/Jan/2020:11:09:42 +0000] "POST /mqtt HTTP/1.1" 500 2 "-" "PostmanRuntime/7.21.0"
::1 - - [04/Jan/2020:11:10:18 +0000] "POST /mqtt HTTP/1.1" 500 2 "-" "PostmanRuntime/7.21.0"
::1 - - [04/Jan/2020:11:10:50 +0000] "POST /mqtt HTTP/1.1" 500 2 "-" "PostmanRuntime/7.21.0"
::1 - - [04/Jan/2020:11:11:33 +0000] "POST /mqtt HTTP/1.1" 500 2 "-" "PostmanRuntime/7.21.0"
::1 - - [04/Jan/2020:11:13:01 +0000] "POST /mqtt HTTP/1.1" 200 - "-" "PostmanRuntime/7.21.0"
::1 - - [05/Jan/2020:12:34:07 +0000] "POST /mqtt HTTP/1.1" 500 18 "-" "PostmanRuntime/7.21.0"
::1 - - [05/Jan/2020:12:35:28 +0000] "POST /mqtt HTTP/1.1" 500 17 "-" "PostmanRuntime/7.21.0"
::1 - - [05/Jan/2020:12:36:05 +0000] "POST /mqtt HTTP/1.1" 500 25 "-" "PostmanRuntime/7.21.0"
::1 - - [05/Jan/2020:12:37:24 +0000] "POST /mqtt HTTP/1.1" 200 - "-" "PostmanRuntime/7.21.0"
::1 - - [05/Jan/2020:12:38:06 +0000] "POST /mqtt HTTP/1.1" 200 - "-" "PostmanRuntime/7.21.0"
::1 - - [05/Jan/2020:12:38:35 +0000] "POST /mqtt HTTP/1.1" 200 - "-" "PostmanRuntime/7.21.0"
::1 - - [05/Jan/2020:12:39:09 +0000] "POST /mqtt HTTP/1.1" 200 - "-" "PostmanRuntime/7.21.0"
::1 - - [05/Jan/2020:12:40:14 +0000] "POST /mqtt HTTP/1.1" 200 - "-" "PostmanRuntime/7.21.0"
::1 - - [05/Jan/2020:12:40:32 +0000] "POST /mqtt HTTP/1.1" 200 - "-" "PostmanRuntime/7.21.0"
::1 - - [05/Jan/2020:12:45:59 +0000] "POST /mqtt HTTP/1.1" 200 - "-" "PostmanRuntime/7.21.0"
::1 - - [05/Jan/2020:12:46:30 +0000] "POST /mqtt HTTP/1.1" 200 - "-" "PostmanRuntime/7.21.0"
::1 - - [05/Jan/2020:12:50:29 +0000] "POST /mqtt HTTP/1.1" 200 - "-" "PostmanRuntime/7.21.0"
::1 - - [05/Jan/2020:12:55:58 +0000] "POST /mqtt HTTP/1.1" 200 - "-" "PostmanRuntime/7.21.0"
::1 - - [05/Jan/2020:12:56:33 +0000] "POST /mqtt HTTP/1.1" 200 - "-" "PostmanRuntime/7.21.0"
::1 - - [05/Jan/2020:12:57:36 +0000] "POST /mqtt HTTP/1.1" 200 - "-" "PostmanRuntime/7.21.0"
::1 - - [05/Jan/2020:12:58:12 +0000] "POST /mqtt HTTP/1.1" 200 - "-" "PostmanRuntime/7.21.0"
::1 - - [05/Jan/2020:13:07:33 +0000] "POST /mqtt HTTP/1.1" 500 23 "-" "PostmanRuntime/7.21.0"
::1 - - [05/Jan/2020:13:08:00 +0000] "POST /mqtt HTTP/1.1" 500 23 "-" "PostmanRuntime/7.21.0"
::1 - - [05/Jan/2020:13:08:48 +0000] "POST /mqtt HTTP/1.1" 500 23 "-" "PostmanRuntime/7.21.0"
::1 - - [05/Jan/2020:13:09:06 +0000] "POST /mqtt HTTP/1.1" 200 - "-" "PostmanRuntime/7.21.0"
::1 - - [05/Jan/2020:13:09:21 +0000] "POST /mqtt HTTP/1.1" 200 - "-" "PostmanRuntime/7.21.0"
::1 - - [05/Jan/2020:13:09:36 +0000] "POST /mqtt HTTP/1.1" 200 - "-" "PostmanRuntime/7.21.0"
::1 - - [05/Jan/2020:13:17:00 +0000] "POST /mqtt HTTP/1.1" 500 26 "-" "PostmanRuntime/7.21.0"
::1 - - [05/Jan/2020:13:17:13 +0000] "POST /mqtt HTTP/1.1" 200 - "-" "PostmanRuntime/7.21.0"
::1 - - [05/Jan/2020:13:18:09 +0000] "POST /mqtt HTTP/1.1" 200 - "-" "PostmanRuntime/7.21.0"
::1 - - [05/Jan/2020:13:19:48 +0000] "POST /mqtt HTTP/1.1" 200 - "-" "PostmanRuntime/7.21.0"
::1 - - [05/Jan/2020:21:36:31 +0000] "POST /mqtt HTTP/1.1" 500 26 "-" "PostmanRuntime/7.21.0"
::1 - - [05/Jan/2020:21:37:18 +0000] "POST /mqtt HTTP/1.1" 200 - "-" "PostmanRuntime/7.21.0"
::1 - - [05/Jan/2020:21:38:50 +0000] "POST /mqtt HTTP/1.1" 200 24 "-" "PostmanRuntime/7.21.0"
::1 - - [05/Jan/2020:21:49:23 +0000] "POST /mqtt HTTP/1.1" - - "-" "PostmanRuntime/7.21.0"
::1 - - [05/Jan/2020:21:50:23 +0000] "POST /mqtt HTTP/1.1" 200 - "-" "PostmanRuntime/7.21.0"
::1 - - [05/Jan/2020:21:51:11 +0000] "POST /mqtt HTTP/1.1" 200 24 "-" "PostmanRuntime/7.21.0"
::1 - - [05/Jan/2020:21:52:43 +0000] "POST /mqtt HTTP/1.1" 200 24 "-" "PostmanRuntime/7.21.0"
::1 - - [05/Jan/2020:21:55:21 +0000] "POST /mqtt HTTP/1.1" 500 35 "-" "PostmanRuntime/7.21.0"
::1 - - [05/Jan/2020:21:55:46 +0000] "POST /mqtt HTTP/1.1" 500 35 "-" "PostmanRuntime/7.21.0"
::1 - - [05/Jan/2020:21:56:42 +0000] "POST /mqtt HTTP/1.1" 200 24 "-" "PostmanRuntime/7.21.0"
::1 - - [05/Jan/2020:21:57:30 +0000] "POST /mqtt HTTP/1.1" 200 18 "-" "PostmanRuntime/7.21.0"
::1 - - [05/Jan/2020:22:00:49 +0000] "POST /mqtt HTTP/1.1" 500 35 "-" "PostmanRuntime/7.21.0"
::1 - - [05/Jan/2020:22:01:41 +0000] "POST /mqtt HTTP/1.1" 200 52 "-" "PostmanRuntime/7.21.0"
::1 - - [05/Jan/2020:22:07:30 +0000] "POST /mqtt HTTP/1.1" 404 144 "-" "PostmanRuntime/7.21.0"
::1 - - [05/Jan/2020:22:07:37 +0000] "POST /mqtt HTTP/1.1" 404 144 "-" "PostmanRuntime/7.21.0"
::1 - - [05/Jan/2020:22:08:14 +0000] "POST /mqtt HTTP/1.1" 404 144 "-" "PostmanRuntime/7.21.0"
::1 - - [05/Jan/2020:22:08:44 +0000] "POST /mqtt HTTP/1.1" 500 18 "-" "PostmanRuntime/7.21.0"
::1 - - [05/Jan/2020:22:08:45 +0000] "POST /mqtt HTTP/1.1" 500 18 "-" "PostmanRuntime/7.21.0"
::1 - - [05/Jan/2020:22:10:26 +0000] "POST /mqtt HTTP/1.1" 500 18 "-" "PostmanRuntime/7.21.0"
::1 - - [05/Jan/2020:22:10:32 +0000] "POST /mqtt HTTP/1.1" 500 17 "-" "PostmanRuntime/7.21.0"
::1 - - [11/Jan/2020:10:22:25 +0000] "GET /_loading/sse HTTP/1.1" 404 151 "http://localhost:3000/" "Mozilla/5.0 (X11; Linux x86_64) AppleWebKit/537.36 (KHTML, like Gecko) Chrome/79.0.3945.79 Safari/537.36"
::1 - - [11/Jan/2020:10:22:37 +0000] "GET /__webpack_hmr/client HTTP/1.1" 404 159 "http://localhost:3000/" "Mozilla/5.0 (X11; Linux x86_64) AppleWebKit/537.36 (KHTML, like Gecko) Chrome/79.0.3945.79 Safari/537.36"
::1 - - [11/Jan/2020:10:23:08 +0000] "GET /__webpack_hmr/client HTTP/1.1" 404 159 "http://localhost:3000/" "Mozilla/5.0 (X11; Linux x86_64) AppleWebKit/537.36 (KHTML, like Gecko) Chrome/79.0.3945.79 Safari/537.36"
::1 - - [11/Jan/2020:10:23:39 +0000] "GET /__webpack_hmr/client HTTP/1.1" 404 159 "http://localhost:3000/" "Mozilla/5.0 (X11; Linux x86_64) AppleWebKit/537.36 (KHTML, like Gecko) Chrome/79.0.3945.79 Safari/537.36"
::1 - - [11/Jan/2020:10:24:10 +0000] "GET /__webpack_hmr/client HTTP/1.1" 404 159 "http://localhost:3000/" "Mozilla/5.0 (X11; Linux x86_64) AppleWebKit/537.36 (KHTML, like Gecko) Chrome/79.0.3945.79 Safari/537.36"
::1 - - [11/Jan/2020:10:24:41 +0000] "GET /__webpack_hmr/client HTTP/1.1" 404 159 "http://localhost:3000/" "Mozilla/5.0 (X11; Linux x86_64) AppleWebKit/537.36 (KHTML, like Gecko) Chrome/79.0.3945.79 Safari/537.36"
::1 - - [11/Jan/2020:10:25:12 +0000] "GET /__webpack_hmr/client HTTP/1.1" 404 159 "http://localhost:3000/" "Mozilla/5.0 (X11; Linux x86_64) AppleWebKit/537.36 (KHTML, like Gecko) Chrome/79.0.3945.79 Safari/537.36"
::1 - - [11/Jan/2020:10:25:43 +0000] "GET /__webpack_hmr/client HTTP/1.1" 404 159 "http://localhost:3000/" "Mozilla/5.0 (X11; Linux x86_64) AppleWebKit/537.36 (KHTML, like Gecko) Chrome/79.0.3945.79 Safari/537.36"
::1 - - [11/Jan/2020:10:25:50 +0000] "POST / HTTP/1.1" 404 140 "-" "Mozilla/5.0 (X11; Linux x86_64) AppleWebKit/537.36 (KHTML, like Gecko) Chrome/79.0.3945.79 Safari/537.36"
::1 - - [11/Jan/2020:10:26:08 +0000] "POST / HTTP/1.1" 404 140 "-" "Mozilla/5.0 (X11; Linux x86_64) AppleWebKit/537.36 (KHTML, like Gecko) Chrome/79.0.3945.79 Safari/537.36"
::1 - - [11/Jan/2020:10:26:14 +0000] "GET /__webpack_hmr/client HTTP/1.1" 404 159 "http://localhost:3000/" "Mozilla/5.0 (X11; Linux x86_64) AppleWebKit/537.36 (KHTML, like Gecko) Chrome/79.0.3945.79 Safari/537.36"
::1 - - [11/Jan/2020:10:26:45 +0000] "GET /__webpack_hmr/client HTTP/1.1" 404 159 "http://localhost:3000/" "Mozilla/5.0 (X11; Linux x86_64) AppleWebKit/537.36 (KHTML, like Gecko) Chrome/79.0.3945.79 Safari/537.36"
::1 - - [11/Jan/2020:10:27:07 +0000] "POST / HTTP/1.1" 404 140 "-" "Mozilla/5.0 (X11; Linux x86_64) AppleWebKit/537.36 (KHTML, like Gecko) Chrome/79.0.3945.79 Safari/537.36"
::1 - - [11/Jan/2020:10:27:16 +0000] "GET /__webpack_hmr/client HTTP/1.1" 404 159 "http://localhost:3000/" "Mozilla/5.0 (X11; Linux x86_64) AppleWebKit/537.36 (KHTML, like Gecko) Chrome/79.0.3945.79 Safari/537.36"
::ffff:127.0.0.1 - - [11/Jan/2020:10:27:17 +0000] "POST / HTTP/1.1" 404 140 "-" "Mozilla/5.0 (X11; Linux x86_64) AppleWebKit/537.36 (KHTML, like Gecko) Chrome/79.0.3945.79 Safari/537.36"
::1 - - [11/Jan/2020:10:27:47 +0000] "GET /__webpack_hmr/client HTTP/1.1" 404 159 "http://localhost:3000/" "Mozilla/5.0 (X11; Linux x86_64) AppleWebKit/537.36 (KHTML, like Gecko) Chrome/79.0.3945.79 Safari/537.36"
::1 - - [11/Jan/2020:10:28:18 +0000] "GET /__webpack_hmr/client HTTP/1.1" 404 159 "http://localhost:3000/" "Mozilla/5.0 (X11; Linux x86_64) AppleWebKit/537.36 (KHTML, like Gecko) Chrome/79.0.3945.79 Safari/537.36"
::ffff:127.0.0.1 - - [11/Jan/2020:10:28:19 +0000] "POST / HTTP/1.1" 404 140 "-" "Mozilla/5.0 (X11; Linux x86_64) AppleWebKit/537.36 (KHTML, like Gecko) Chrome/79.0.3945.79 Safari/537.36"
::1 - - [11/Jan/2020:10:28:49 +0000] "GET /__webpack_hmr/client HTTP/1.1" 404 159 "http://localhost:3000/" "Mozilla/5.0 (X11; Linux x86_64) AppleWebKit/537.36 (KHTML, like Gecko) Chrome/79.0.3945.79 Safari/537.36"
::1 - - [11/Jan/2020:10:29:20 +0000] "GET /__webpack_hmr/client HTTP/1.1" 404 159 "http://localhost:3000/" "Mozilla/5.0 (X11; Linux x86_64) AppleWebKit/537.36 (KHTML, like Gecko) Chrome/79.0.3945.79 Safari/537.36"
::1 - - [11/Jan/2020:10:29:52 +0000] "GET /__webpack_hmr/client HTTP/1.1" 404 159 "http://localhost:3000/" "Mozilla/5.0 (X11; Linux x86_64) AppleWebKit/537.36 (KHTML, like Gecko) Chrome/79.0.3945.79 Safari/537.36"
::1 - - [11/Jan/2020:10:30:23 +0000] "GET /__webpack_hmr/client HTTP/1.1" 404 159 "http://localhost:3000/" "Mozilla/5.0 (X11; Linux x86_64) AppleWebKit/537.36 (KHTML, like Gecko) Chrome/79.0.3945.79 Safari/537.36"
::ffff:127.0.0.1 - - [11/Jan/2020:10:30:43 +0000] "POST / HTTP/1.1" 404 140 "-" "Mozilla/5.0 (X11; Linux x86_64) AppleWebKit/537.36 (KHTML, like Gecko) Chrome/79.0.3945.79 Safari/537.36"
::1 - - [11/Jan/2020:10:30:52 +0000] "POST / HTTP/1.1" 404 140 "-" "Mozilla/5.0 (X11; Linux x86_64) AppleWebKit/537.36 (KHTML, like Gecko) Chrome/79.0.3945.79 Safari/537.36"
::1 - - [11/Jan/2020:10:30:54 +0000] "GET /__webpack_hmr/client HTTP/1.1" 404 159 "http://localhost:3000/" "Mozilla/5.0 (X11; Linux x86_64) AppleWebKit/537.36 (KHTML, like Gecko) Chrome/79.0.3945.79 Safari/537.36"
::1 - - [11/Jan/2020:10:31:05 +0000] "POST / HTTP/1.1" 404 140 "-" "Mozilla/5.0 (X11; Linux x86_64) AppleWebKit/537.36 (KHTML, like Gecko) Chrome/79.0.3945.79 Safari/537.36"
::1 - - [11/Jan/2020:10:31:25 +0000] "GET /__webpack_hmr/client HTTP/1.1" 404 159 "http://localhost:3000/" "Mozilla/5.0 (X11; Linux x86_64) AppleWebKit/537.36 (KHTML, like Gecko) Chrome/79.0.3945.79 Safari/537.36"
::1 - - [11/Jan/2020:10:31:31 +0000] "GET / HTTP/1.1" 404 139 "-" "Mozilla/5.0 (X11; Linux x86_64) AppleWebKit/537.36 (KHTML, like Gecko) Chrome/79.0.3945.79 Safari/537.36"
::1 - - [11/Jan/2020:10:31:40 +0000] "POST / HTTP/1.1" 404 140 "-" "Mozilla/5.0 (X11; Linux x86_64) AppleWebKit/537.36 (KHTML, like Gecko) Chrome/79.0.3945.79 Safari/537.36"
::1 - - [11/Jan/2020:10:31:56 +0000] "GET /__webpack_hmr/client HTTP/1.1" 404 159 "http://localhost:3000/" "Mozilla/5.0 (X11; Linux x86_64) AppleWebKit/537.36 (KHTML, like Gecko) Chrome/79.0.3945.79 Safari/537.36"
::1 - - [11/Jan/2020:10:31:58 +0000] "POST /mqtt HTTP/1.1" 500 17 "-" "Mozilla/5.0 (X11; Linux x86_64) AppleWebKit/537.36 (KHTML, like Gecko) Chrome/79.0.3945.79 Safari/537.36"
::1 - - [11/Jan/2020:10:32:27 +0000] "GET /__webpack_hmr/client HTTP/1.1" 404 159 "http://localhost:3000/" "Mozilla/5.0 (X11; Linux x86_64) AppleWebKit/537.36 (KHTML, like Gecko) Chrome/79.0.3945.79 Safari/537.36"
::1 - - [11/Jan/2020:10:32:58 +0000] "GET /__webpack_hmr/client HTTP/1.1" 404 159 "http://localhost:3000/" "Mozilla/5.0 (X11; Linux x86_64) AppleWebKit/537.36 (KHTML, like Gecko) Chrome/79.0.3945.79 Safari/537.36"
::1 - - [11/Jan/2020:10:33:29 +0000] "GET /__webpack_hmr/client HTTP/1.1" 404 159 "http://localhost:3000/" "Mozilla/5.0 (X11; Linux x86_64) AppleWebKit/537.36 (KHTML, like Gecko) Chrome/79.0.3945.79 Safari/537.36"
::1 - - [11/Jan/2020:10:34:00 +0000] "GET /__webpack_hmr/client HTTP/1.1" 404 159 "http://localhost:3000/" "Mozilla/5.0 (X11; Linux x86_64) AppleWebKit/537.36 (KHTML, like Gecko) Chrome/79.0.3945.79 Safari/537.36"
::1 - - [11/Jan/2020:10:34:31 +0000] "GET /__webpack_hmr/client HTTP/1.1" 404 159 "http://localhost:3000/" "Mozilla/5.0 (X11; Linux x86_64) AppleWebKit/537.36 (KHTML, like Gecko) Chrome/79.0.3945.79 Safari/537.36"
::1 - - [11/Jan/2020:10:34:56 +0000] "POST /mqtt HTTP/1.1" 500 21 "-" "Mozilla/5.0 (X11; Linux x86_64) AppleWebKit/537.36 (KHTML, like Gecko) Chrome/79.0.3945.79 Safari/537.36"
::1 - - [11/Jan/2020:10:35:02 +0000] "GET /__webpack_hmr/client HTTP/1.1" 404 159 "http://localhost:3000/" "Mozilla/5.0 (X11; Linux x86_64) AppleWebKit/537.36 (KHTML, like Gecko) Chrome/79.0.3945.79 Safari/537.36"
::1 - - [11/Jan/2020:10:35:33 +0000] "GET /__webpack_hmr/client HTTP/1.1" 404 159 "http://localhost:3000/" "Mozilla/5.0 (X11; Linux x86_64) AppleWebKit/537.36 (KHTML, like Gecko) Chrome/79.0.3945.79 Safari/537.36"
::1 - - [11/Jan/2020:10:36:04 +0000] "GET /__webpack_hmr/client HTTP/1.1" 404 159 "http://localhost:3000/" "Mozilla/5.0 (X11; Linux x86_64) AppleWebKit/537.36 (KHTML, like Gecko) Chrome/79.0.3945.79 Safari/537.36"
::1 - - [11/Jan/2020:10:36:35 +0000] "GET /__webpack_hmr/client HTTP/1.1" 404 159 "http://localhost:3000/" "Mozilla/5.0 (X11; Linux x86_64) AppleWebKit/537.36 (KHTML, like Gecko) Chrome/79.0.3945.79 Safari/537.36"
::1 - - [11/Jan/2020:10:37:06 +0000] "GET /__webpack_hmr/client HTTP/1.1" 404 159 "http://localhost:3000/" "Mozilla/5.0 (X11; Linux x86_64) AppleWebKit/537.36 (KHTML, like Gecko) Chrome/79.0.3945.79 Safari/537.36"
::1 - - [11/Jan/2020:10:37:37 +0000] "GET /__webpack_hmr/client HTTP/1.1" 404 159 "http://localhost:3000/" "Mozilla/5.0 (X11; Linux x86_64) AppleWebKit/537.36 (KHTML, like Gecko) Chrome/79.0.3945.79 Safari/537.36"
::1 - - [11/Jan/2020:10:38:08 +0000] "GET /__webpack_hmr/client HTTP/1.1" 404 159 "http://localhost:3000/" "Mozilla/5.0 (X11; Linux x86_64) AppleWebKit/537.36 (KHTML, like Gecko) Chrome/79.0.3945.79 Safari/537.36"
::1 - - [11/Jan/2020:10:38:39 +0000] "GET /__webpack_hmr/client HTTP/1.1" 404 159 "http://localhost:3000/" "Mozilla/5.0 (X11; Linux x86_64) AppleWebKit/537.36 (KHTML, like Gecko) Chrome/79.0.3945.79 Safari/537.36"
::1 - - [11/Jan/2020:10:39:10 +0000] "GET /__webpack_hmr/client HTTP/1.1" 404 159 "http://localhost:3000/" "Mozilla/5.0 (X11; Linux x86_64) AppleWebKit/537.36 (KHTML, like Gecko) Chrome/79.0.3945.79 Safari/537.36"
::1 - - [11/Jan/2020:10:39:41 +0000] "GET /__webpack_hmr/client HTTP/1.1" 404 159 "http://localhost:3000/" "Mozilla/5.0 (X11; Linux x86_64) AppleWebKit/537.36 (KHTML, like Gecko) Chrome/79.0.3945.79 Safari/537.36"
::1 - - [11/Jan/2020:10:40:12 +0000] "GET /__webpack_hmr/client HTTP/1.1" 404 159 "http://localhost:3000/" "Mozilla/5.0 (X11; Linux x86_64) AppleWebKit/537.36 (KHTML, like Gecko) Chrome/79.0.3945.79 Safari/537.36"
::1 - - [11/Jan/2020:10:40:43 +0000] "GET /__webpack_hmr/client HTTP/1.1" 404 159 "http://localhost:3000/" "Mozilla/5.0 (X11; Linux x86_64) AppleWebKit/537.36 (KHTML, like Gecko) Chrome/79.0.3945.79 Safari/537.36"
::1 - - [11/Jan/2020:10:41:14 +0000] "GET /__webpack_hmr/client HTTP/1.1" 404 159 "http://localhost:3000/" "Mozilla/5.0 (X11; Linux x86_64) AppleWebKit/537.36 (KHTML, like Gecko) Chrome/79.0.3945.79 Safari/537.36"
::1 - - [11/Jan/2020:10:41:45 +0000] "GET /__webpack_hmr/client HTTP/1.1" 404 159 "http://localhost:3000/" "Mozilla/5.0 (X11; Linux x86_64) AppleWebKit/537.36 (KHTML, like Gecko) Chrome/79.0.3945.79 Safari/537.36"
::1 - - [11/Jan/2020:10:42:16 +0000] "GET /__webpack_hmr/client HTTP/1.1" 404 159 "http://localhost:3000/" "Mozilla/5.0 (X11; Linux x86_64) AppleWebKit/537.36 (KHTML, like Gecko) Chrome/79.0.3945.79 Safari/537.36"
::1 - - [11/Jan/2020:10:42:47 +0000] "GET /__webpack_hmr/client HTTP/1.1" 404 159 "http://localhost:3000/" "Mozilla/5.0 (X11; Linux x86_64) AppleWebKit/537.36 (KHTML, like Gecko) Chrome/79.0.3945.79 Safari/537.36"
::1 - - [11/Jan/2020:10:43:18 +0000] "GET /__webpack_hmr/client HTTP/1.1" 404 159 "http://localhost:3000/" "Mozilla/5.0 (X11; Linux x86_64) AppleWebKit/537.36 (KHTML, like Gecko) Chrome/79.0.3945.79 Safari/537.36"
::1 - - [11/Jan/2020:10:44:20 +0000] "GET /__webpack_hmr/client HTTP/1.1" 404 159 "http://localhost:3000/" "Mozilla/5.0 (X11; Linux x86_64) AppleWebKit/537.36 (KHTML, like Gecko) Chrome/79.0.3945.79 Safari/537.36"
::1 - - [11/Jan/2020:10:44:25 +0000] "POST /mqtt HTTP/1.1" 500 21 "-" "Mozilla/5.0 (X11; Linux x86_64) AppleWebKit/537.36 (KHTML, like Gecko) Chrome/79.0.3945.79 Safari/537.36"
::1 - - [11/Jan/2020:10:44:52 +0000] "GET /__webpack_hmr/client HTTP/1.1" 404 159 "http://localhost:3000/" "Mozilla/5.0 (X11; Linux x86_64) AppleWebKit/537.36 (KHTML, like Gecko) Chrome/79.0.3945.79 Safari/537.36"
::1 - - [11/Jan/2020:10:45:06 +0000] "POST /mqtt HTTP/1.1" 500 21 "-" "Mozilla/5.0 (X11; Linux x86_64) AppleWebKit/537.36 (KHTML, like Gecko) Chrome/79.0.3945.79 Safari/537.36"
::1 - - [11/Jan/2020:10:45:24 +0000] "POST /mqtt HTTP/1.1" 200 - "-" "Mozilla/5.0 (X11; Linux x86_64) AppleWebKit/537.36 (KHTML, like Gecko) Chrome/79.0.3945.79 Safari/537.36"
::1 - - [11/Jan/2020:10:45:31 +0000] "POST /mqtt HTTP/1.1" 200 - "-" "Mozilla/5.0 (X11; Linux x86_64) AppleWebKit/537.36 (KHTML, like Gecko) Chrome/79.0.3945.79 Safari/537.36"
::1 - - [11/Jan/2020:10:45:54 +0000] "GET /__webpack_hmr/client HTTP/1.1" 404 159 "http://localhost:3000/" "Mozilla/5.0 (X11; Linux x86_64) AppleWebKit/537.36 (KHTML, like Gecko) Chrome/79.0.3945.79 Safari/537.36"
::1 - - [11/Jan/2020:10:46:04 +0000] "POST /mqtt HTTP/1.1" 200 - "-" "Mozilla/5.0 (X11; Linux x86_64) AppleWebKit/537.36 (KHTML, like Gecko) Chrome/79.0.3945.79 Safari/537.36"
::1 - - [11/Jan/2020:10:46:25 +0000] "GET /__webpack_hmr/client HTTP/1.1" 404 159 "http://localhost:3000/" "Mozilla/5.0 (X11; Linux x86_64) AppleWebKit/537.36 (KHTML, like Gecko) Chrome/79.0.3945.79 Safari/537.36"
::1 - - [11/Jan/2020:10:46:50 +0000] "POST /mqtt HTTP/1.1" 200 - "-" "Mozilla/5.0 (X11; Linux x86_64) AppleWebKit/537.36 (KHTML, like Gecko) Chrome/79.0.3945.79 Safari/537.36"
::1 - - [11/Jan/2020:10:46:52 +0000] "POST /mqtt HTTP/1.1" 200 - "-" "Mozilla/5.0 (X11; Linux x86_64) AppleWebKit/537.36 (KHTML, like Gecko) Chrome/79.0.3945.79 Safari/537.36"
::1 - - [11/Jan/2020:10:46:53 +0000] "POST /mqtt HTTP/1.1" 200 - "-" "Mozilla/5.0 (X11; Linux x86_64) AppleWebKit/537.36 (KHTML, like Gecko) Chrome/79.0.3945.79 Safari/537.36"
::1 - - [11/Jan/2020:10:46:56 +0000] "GET /__webpack_hmr/client HTTP/1.1" 404 159 "http://localhost:3000/" "Mozilla/5.0 (X11; Linux x86_64) AppleWebKit/537.36 (KHTML, like Gecko) Chrome/79.0.3945.79 Safari/537.36"
::1 - - [11/Jan/2020:10:48:01 +0000] "POST /mqtt HTTP/1.1" 200 - "-" "Mozilla/5.0 (X11; Linux x86_64) AppleWebKit/537.36 (KHTML, like Gecko) Chrome/79.0.3945.79 Safari/537.36"
::1 - - [11/Jan/2020:10:48:05 +0000] "POST /mqtt HTTP/1.1" 200 - "-" "Mozilla/5.0 (X11; Linux x86_64) AppleWebKit/537.36 (KHTML, like Gecko) Chrome/79.0.3945.79 Safari/537.36"
::1 - - [11/Jan/2020:10:48:29 +0000] "GET /__webpack_hmr/client HTTP/1.1" 404 159 "http://localhost:3000/" "Mozilla/5.0 (X11; Linux x86_64) AppleWebKit/537.36 (KHTML, like Gecko) Chrome/79.0.3945.79 Safari/537.36"
::1 - - [11/Jan/2020:10:48:59 +0000] "POST /mqtt HTTP/1.1" 200 - "-" "Mozilla/5.0 (X11; Linux x86_64) AppleWebKit/537.36 (KHTML, like Gecko) Chrome/79.0.3945.79 Safari/537.36"
::1 - - [11/Jan/2020:10:49:00 +0000] "GET /__webpack_hmr/client HTTP/1.1" 404 159 "http://localhost:3000/" "Mozilla/5.0 (X11; Linux x86_64) AppleWebKit/537.36 (KHTML, like Gecko) Chrome/79.0.3945.79 Safari/537.36"
::1 - - [11/Jan/2020:10:49:31 +0000] "GET /__webpack_hmr/client HTTP/1.1" 404 159 "http://localhost:3000/" "Mozilla/5.0 (X11; Linux x86_64) AppleWebKit/537.36 (KHTML, like Gecko) Chrome/79.0.3945.79 Safari/537.36"
::1 - - [11/Jan/2020:10:50:04 +0000] "GET /__webpack_hmr/client HTTP/1.1" 404 159 "http://localhost:3000/" "Mozilla/5.0 (X11; Linux x86_64) AppleWebKit/537.36 (KHTML, like Gecko) Chrome/79.0.3945.79 Safari/537.36"
::1 - - [11/Jan/2020:10:50:35 +0000] "GET /__webpack_hmr/client HTTP/1.1" 404 159 "http://localhost:3000/" "Mozilla/5.0 (X11; Linux x86_64) AppleWebKit/537.36 (KHTML, like Gecko) Chrome/79.0.3945.79 Safari/537.36"
::1 - - [11/Jan/2020:10:50:35 +0000] "POST /mqtt HTTP/1.1" 500 21 "-" "Mozilla/5.0 (X11; Linux x86_64) AppleWebKit/537.36 (KHTML, like Gecko) Chrome/79.0.3945.79 Safari/537.36"
::1 - - [11/Jan/2020:10:51:08 +0000] "GET /__webpack_hmr/client HTTP/1.1" 404 159 "http://localhost:3000/" "Mozilla/5.0 (X11; Linux x86_64) AppleWebKit/537.36 (KHTML, like Gecko) Chrome/79.0.3945.79 Safari/537.36"
::1 - - [11/Jan/2020:10:51:33 +0000] "POST /mqtt HTTP/1.1" 500 21 "-" "Mozilla/5.0 (X11; Linux x86_64) AppleWebKit/537.36 (KHTML, like Gecko) Chrome/79.0.3945.79 Safari/537.36"
::1 - - [11/Jan/2020:10:51:39 +0000] "GET /__webpack_hmr/client HTTP/1.1" 404 159 "http://localhost:3000/" "Mozilla/5.0 (X11; Linux x86_64) AppleWebKit/537.36 (KHTML, like Gecko) Chrome/79.0.3945.79 Safari/537.36"
::1 - - [11/Jan/2020:10:52:10 +0000] "GET /__webpack_hmr/client HTTP/1.1" 404 159 "http://localhost:3000/" "Mozilla/5.0 (X11; Linux x86_64) AppleWebKit/537.36 (KHTML, like Gecko) Chrome/79.0.3945.79 Safari/537.36"
::1 - - [11/Jan/2020:10:52:24 +0000] "POST /mqtt HTTP/1.1" 200 - "-" "Mozilla/5.0 (X11; Linux x86_64) AppleWebKit/537.36 (KHTML, like Gecko) Chrome/79.0.3945.79 Safari/537.36"
::1 - - [11/Jan/2020:10:52:27 +0000] "POST /mqtt HTTP/1.1" 200 - "-" "Mozilla/5.0 (X11; Linux x86_64) AppleWebKit/537.36 (KHTML, like Gecko) Chrome/79.0.3945.79 Safari/537.36"
::1 - - [11/Jan/2020:10:52:42 +0000] "GET /__webpack_hmr/client HTTP/1.1" 404 159 "http://localhost:3000/" "Mozilla/5.0 (X11; Linux x86_64) AppleWebKit/537.36 (KHTML, like Gecko) Chrome/79.0.3945.79 Safari/537.36"
::1 - - [11/Jan/2020:10:53:13 +0000] "GET /__webpack_hmr/client HTTP/1.1" 404 159 "http://localhost:3000/" "Mozilla/5.0 (X11; Linux x86_64) AppleWebKit/537.36 (KHTML, like Gecko) Chrome/79.0.3945.79 Safari/537.36"
::1 - - [11/Jan/2020:10:53:41 +0000] "POST /mqtt HTTP/1.1" 200 2 "-" "Mozilla/5.0 (X11; Linux x86_64) AppleWebKit/537.36 (KHTML, like Gecko) Chrome/79.0.3945.79 Safari/537.36"
::1 - - [11/Jan/2020:10:53:44 +0000] "GET /__webpack_hmr/client HTTP/1.1" 404 159 "http://localhost:3000/" "Mozilla/5.0 (X11; Linux x86_64) AppleWebKit/537.36 (KHTML, like Gecko) Chrome/79.0.3945.79 Safari/537.36"
::1 - - [11/Jan/2020:10:53:59 +0000] "POST /mqtt HTTP/1.1" 200 24 "-" "Mozilla/5.0 (X11; Linux x86_64) AppleWebKit/537.36 (KHTML, like Gecko) Chrome/79.0.3945.79 Safari/537.36"
::1 - - [11/Jan/2020:10:54:07 +0000] "POST /mqtt HTTP/1.1" 500 24 "-" "Mozilla/5.0 (X11; Linux x86_64) AppleWebKit/537.36 (KHTML, like Gecko) Chrome/79.0.3945.79 Safari/537.36"
::1 - - [11/Jan/2020:10:54:17 +0000] "GET /__webpack_hmr/client HTTP/1.1" 404 159 "http://localhost:3000/" "Mozilla/5.0 (X11; Linux x86_64) AppleWebKit/537.36 (KHTML, like Gecko) Chrome/79.0.3945.79 Safari/537.36"
::1 - - [11/Jan/2020:10:54:22 +0000] "POST /mqtt HTTP/1.1" 500 25 "-" "Mozilla/5.0 (X11; Linux x86_64) AppleWebKit/537.36 (KHTML, like Gecko) Chrome/79.0.3945.79 Safari/537.36"
::1 - - [11/Jan/2020:10:54:27 +0000] "POST /mqtt HTTP/1.1" 200 24 "-" "Mozilla/5.0 (X11; Linux x86_64) AppleWebKit/537.36 (KHTML, like Gecko) Chrome/79.0.3945.79 Safari/537.36"
::1 - - [11/Jan/2020:10:54:48 +0000] "GET /__webpack_hmr/client HTTP/1.1" 404 159 "http://localhost:3000/" "Mozilla/5.0 (X11; Linux x86_64) AppleWebKit/537.36 (KHTML, like Gecko) Chrome/79.0.3945.79 Safari/537.36"
::1 - - [11/Jan/2020:10:55:19 +0000] "GET /__webpack_hmr/client HTTP/1.1" 404 159 "http://localhost:3000/" "Mozilla/5.0 (X11; Linux x86_64) AppleWebKit/537.36 (KHTML, like Gecko) Chrome/79.0.3945.79 Safari/537.36"
::1 - - [11/Jan/2020:10:55:52 +0000] "GET /__webpack_hmr/client HTTP/1.1" 404 159 "http://localhost:3000/" "Mozilla/5.0 (X11; Linux x86_64) AppleWebKit/537.36 (KHTML, like Gecko) Chrome/79.0.3945.79 Safari/537.36"
::1 - - [11/Jan/2020:10:56:23 +0000] "GET /__webpack_hmr/client HTTP/1.1" 404 159 "http://localhost:3000/" "Mozilla/5.0 (X11; Linux x86_64) AppleWebKit/537.36 (KHTML, like Gecko) Chrome/79.0.3945.79 Safari/537.36"
::1 - - [11/Jan/2020:10:56:54 +0000] "GET /__webpack_hmr/client HTTP/1.1" 404 159 "http://localhost:3000/" "Mozilla/5.0 (X11; Linux x86_64) AppleWebKit/537.36 (KHTML, like Gecko) Chrome/79.0.3945.79 Safari/537.36"
::1 - - [11/Jan/2020:10:57:27 +0000] "GET /__webpack_hmr/client HTTP/1.1" 404 159 "http://localhost:3000/" "Mozilla/5.0 (X11; Linux x86_64) AppleWebKit/537.36 (KHTML, like Gecko) Chrome/79.0.3945.79 Safari/537.36"
::1 - - [11/Jan/2020:10:57:58 +0000] "GET /__webpack_hmr/client HTTP/1.1" 404 159 "http://localhost:3000/" "Mozilla/5.0 (X11; Linux x86_64) AppleWebKit/537.36 (KHTML, like Gecko) Chrome/79.0.3945.79 Safari/537.36"
::1 - - [11/Jan/2020:10:58:29 +0000] "GET /__webpack_hmr/client HTTP/1.1" 404 159 "http://localhost:3000/" "Mozilla/5.0 (X11; Linux x86_64) AppleWebKit/537.36 (KHTML, like Gecko) Chrome/79.0.3945.79 Safari/537.36"
::1 - - [11/Jan/2020:10:59:02 +0000] "GET /__webpack_hmr/client HTTP/1.1" 404 159 "http://localhost:3000/" "Mozilla/5.0 (X11; Linux x86_64) AppleWebKit/537.36 (KHTML, like Gecko) Chrome/79.0.3945.79 Safari/537.36"
::1 - - [11/Jan/2020:10:59:33 +0000] "GET /__webpack_hmr/client HTTP/1.1" 404 159 "http://localhost:3000/" "Mozilla/5.0 (X11; Linux x86_64) AppleWebKit/537.36 (KHTML, like Gecko) Chrome/79.0.3945.79 Safari/537.36"
::1 - - [11/Jan/2020:11:00:04 +0000] "GET /__webpack_hmr/client HTTP/1.1" 404 159 "http://localhost:3000/" "Mozilla/5.0 (X11; Linux x86_64) AppleWebKit/537.36 (KHTML, like Gecko) Chrome/79.0.3945.79 Safari/537.36"
::1 - - [11/Jan/2020:11:00:37 +0000] "GET /__webpack_hmr/client HTTP/1.1" 404 159 "http://localhost:3000/" "Mozilla/5.0 (X11; Linux x86_64) AppleWebKit/537.36 (KHTML, like Gecko) Chrome/79.0.3945.79 Safari/537.36"
::1 - - [11/Jan/2020:11:01:08 +0000] "GET /__webpack_hmr/client HTTP/1.1" 404 159 "http://localhost:3000/" "Mozilla/5.0 (X11; Linux x86_64) AppleWebKit/537.36 (KHTML, like Gecko) Chrome/79.0.3945.79 Safari/537.36"
::1 - - [11/Jan/2020:11:01:39 +0000] "GET /__webpack_hmr/client HTTP/1.1" 404 159 "http://localhost:3000/" "Mozilla/5.0 (X11; Linux x86_64) AppleWebKit/537.36 (KHTML, like Gecko) Chrome/79.0.3945.79 Safari/537.36"
::1 - - [11/Jan/2020:11:02:12 +0000] "GET /__webpack_hmr/client HTTP/1.1" 404 159 "http://localhost:3000/" "Mozilla/5.0 (X11; Linux x86_64) AppleWebKit/537.36 (KHTML, like Gecko) Chrome/79.0.3945.79 Safari/537.36"
::1 - - [11/Jan/2020:11:02:43 +0000] "GET /__webpack_hmr/client HTTP/1.1" 404 159 "http://localhost:3000/" "Mozilla/5.0 (X11; Linux x86_64) AppleWebKit/537.36 (KHTML, like Gecko) Chrome/79.0.3945.79 Safari/537.36"
::1 - - [11/Jan/2020:11:03:14 +0000] "GET /__webpack_hmr/client HTTP/1.1" 404 159 "http://localhost:3000/" "Mozilla/5.0 (X11; Linux x86_64) AppleWebKit/537.36 (KHTML, like Gecko) Chrome/79.0.3945.79 Safari/537.36"
::1 - - [11/Jan/2020:11:03:47 +0000] "GET /__webpack_hmr/client HTTP/1.1" 404 159 "http://localhost:3000/" "Mozilla/5.0 (X11; Linux x86_64) AppleWebKit/537.36 (KHTML, like Gecko) Chrome/79.0.3945.79 Safari/537.36"
::1 - - [11/Jan/2020:11:04:18 +0000] "GET /__webpack_hmr/client HTTP/1.1" 404 159 "http://localhost:3000/" "Mozilla/5.0 (X11; Linux x86_64) AppleWebKit/537.36 (KHTML, like Gecko) Chrome/79.0.3945.79 Safari/537.36"
::1 - - [11/Jan/2020:11:04:49 +0000] "GET /__webpack_hmr/client HTTP/1.1" 404 159 "http://localhost:3000/" "Mozilla/5.0 (X11; Linux x86_64) AppleWebKit/537.36 (KHTML, like Gecko) Chrome/79.0.3945.79 Safari/537.36"
::1 - - [11/Jan/2020:11:05:22 +0000] "GET /__webpack_hmr/client HTTP/1.1" 404 159 "http://localhost:3000/" "Mozilla/5.0 (X11; Linux x86_64) AppleWebKit/537.36 (KHTML, like Gecko) Chrome/79.0.3945.79 Safari/537.36"
::1 - - [11/Jan/2020:11:05:53 +0000] "GET /__webpack_hmr/client HTTP/1.1" 404 159 "http://localhost:3000/" "Mozilla/5.0 (X11; Linux x86_64) AppleWebKit/537.36 (KHTML, like Gecko) Chrome/79.0.3945.79 Safari/537.36"
::1 - - [11/Jan/2020:11:06:24 +0000] "GET /__webpack_hmr/client HTTP/1.1" 404 159 "http://localhost:3000/" "Mozilla/5.0 (X11; Linux x86_64) AppleWebKit/537.36 (KHTML, like Gecko) Chrome/79.0.3945.79 Safari/537.36"
::1 - - [11/Jan/2020:11:06:55 +0000] "GET /__webpack_hmr/client HTTP/1.1" 404 159 "http://localhost:3000/" "Mozilla/5.0 (X11; Linux x86_64) AppleWebKit/537.36 (KHTML, like Gecko) Chrome/79.0.3945.79 Safari/537.36"
::1 - - [11/Jan/2020:11:07:26 +0000] "GET /__webpack_hmr/client HTTP/1.1" 404 159 "http://localhost:3000/" "Mozilla/5.0 (X11; Linux x86_64) AppleWebKit/537.36 (KHTML, like Gecko) Chrome/79.0.3945.79 Safari/537.36"
::1 - - [11/Jan/2020:11:07:57 +0000] "GET /__webpack_hmr/client HTTP/1.1" 404 159 "http://localhost:3000/" "Mozilla/5.0 (X11; Linux x86_64) AppleWebKit/537.36 (KHTML, like Gecko) Chrome/79.0.3945.79 Safari/537.36"
::1 - - [11/Jan/2020:11:14:14 +0000] "POST /mqtt HTTP/1.1" 200 24 "-" "Mozilla/5.0 (X11; Linux x86_64) AppleWebKit/537.36 (KHTML, like Gecko) Chrome/79.0.3945.79 Safari/537.36"
::1 - - [11/Jan/2020:11:14:17 +0000] "POST /mqtt HTTP/1.1" 500 25 "-" "Mozilla/5.0 (X11; Linux x86_64) AppleWebKit/537.36 (KHTML, like Gecko) Chrome/79.0.3945.79 Safari/537.36"
::1 - - [11/Jan/2020:11:14:24 +0000] "POST /mqtt HTTP/1.1" 500 24 "-" "Mozilla/5.0 (X11; Linux x86_64) AppleWebKit/537.36 (KHTML, like Gecko) Chrome/79.0.3945.79 Safari/537.36"
::1 - - [11/Jan/2020:11:14:26 +0000] "POST /mqtt HTTP/1.1" 500 24 "-" "Mozilla/5.0 (X11; Linux x86_64) AppleWebKit/537.36 (KHTML, like Gecko) Chrome/79.0.3945.79 Safari/537.36"
::1 - - [11/Jan/2020:11:14:33 +0000] "POST /mqtt HTTP/1.1" 200 24 "-" "Mozilla/5.0 (X11; Linux x86_64) AppleWebKit/537.36 (KHTML, like Gecko) Chrome/79.0.3945.79 Safari/537.36"
::1 - - [11/Jan/2020:11:14:37 +0000] "POST /mqtt HTTP/1.1" 500 24 "-" "Mozilla/5.0 (X11; Linux x86_64) AppleWebKit/537.36 (KHTML, like Gecko) Chrome/79.0.3945.79 Safari/537.36"
::1 - - [11/Jan/2020:11:14:40 +0000] "GET /__webpack_hmr/client HTTP/1.1" 404 159 "http://localhost:3000/" "Mozilla/5.0 (X11; Linux x86_64) AppleWebKit/537.36 (KHTML, like Gecko) Chrome/79.0.3945.79 Safari/537.36"
::1 - - [11/Jan/2020:11:15:11 +0000] "GET /__webpack_hmr/client HTTP/1.1" 404 159 "http://localhost:3000/" "Mozilla/5.0 (X11; Linux x86_64) AppleWebKit/537.36 (KHTML, like Gecko) Chrome/79.0.3945.79 Safari/537.36"
::1 - - [11/Jan/2020:11:15:42 +0000] "GET /__webpack_hmr/client HTTP/1.1" 404 159 "http://localhost:3000/" "Mozilla/5.0 (X11; Linux x86_64) AppleWebKit/537.36 (KHTML, like Gecko) Chrome/79.0.3945.79 Safari/537.36"
::1 - - [11/Jan/2020:11:16:13 +0000] "GET /__webpack_hmr/client HTTP/1.1" 404 159 "http://localhost:3000/" "Mozilla/5.0 (X11; Linux x86_64) AppleWebKit/537.36 (KHTML, like Gecko) Chrome/79.0.3945.79 Safari/537.36"
::1 - - [11/Jan/2020:11:16:44 +0000] "GET /__webpack_hmr/client HTTP/1.1" 404 159 "http://localhost:3000/" "Mozilla/5.0 (X11; Linux x86_64) AppleWebKit/537.36 (KHTML, like Gecko) Chrome/79.0.3945.79 Safari/537.36"
::1 - - [11/Jan/2020:11:17:15 +0000] "GET /__webpack_hmr/client HTTP/1.1" 404 159 "http://localhost:3000/" "Mozilla/5.0 (X11; Linux x86_64) AppleWebKit/537.36 (KHTML, like Gecko) Chrome/79.0.3945.79 Safari/537.36"
::1 - - [11/Jan/2020:11:17:46 +0000] "GET /__webpack_hmr/client HTTP/1.1" 404 159 "http://localhost:3000/" "Mozilla/5.0 (X11; Linux x86_64) AppleWebKit/537.36 (KHTML, like Gecko) Chrome/79.0.3945.79 Safari/537.36"
::1 - - [11/Jan/2020:11:18:17 +0000] "GET /__webpack_hmr/client HTTP/1.1" 404 159 "http://localhost:3000/" "Mozilla/5.0 (X11; Linux x86_64) AppleWebKit/537.36 (KHTML, like Gecko) Chrome/79.0.3945.79 Safari/537.36"
::1 - - [11/Jan/2020:11:18:48 +0000] "GET /__webpack_hmr/client HTTP/1.1" 404 159 "http://localhost:3000/" "Mozilla/5.0 (X11; Linux x86_64) AppleWebKit/537.36 (KHTML, like Gecko) Chrome/79.0.3945.79 Safari/537.36"
::1 - - [11/Jan/2020:11:19:21 +0000] "GET /__webpack_hmr/client HTTP/1.1" 404 159 "http://localhost:3000/" "Mozilla/5.0 (X11; Linux x86_64) AppleWebKit/537.36 (KHTML, like Gecko) Chrome/79.0.3945.79 Safari/537.36"
::1 - - [11/Jan/2020:11:19:52 +0000] "GET /__webpack_hmr/client HTTP/1.1" 404 159 "http://localhost:3000/" "Mozilla/5.0 (X11; Linux x86_64) AppleWebKit/537.36 (KHTML, like Gecko) Chrome/79.0.3945.79 Safari/537.36"
::1 - - [11/Jan/2020:11:20:23 +0000] "GET /__webpack_hmr/client HTTP/1.1" 404 159 "http://localhost:3000/" "Mozilla/5.0 (X11; Linux x86_64) AppleWebKit/537.36 (KHTML, like Gecko) Chrome/79.0.3945.79 Safari/537.36"
::1 - - [11/Jan/2020:11:20:56 +0000] "GET /__webpack_hmr/client HTTP/1.1" 404 159 "http://localhost:3000/" "Mozilla/5.0 (X11; Linux x86_64) AppleWebKit/537.36 (KHTML, like Gecko) Chrome/79.0.3945.79 Safari/537.36"
::1 - - [11/Jan/2020:11:21:08 +0000] "POST /mqtt HTTP/1.1" 500 24 "-" "Mozilla/5.0 (X11; Linux x86_64) AppleWebKit/537.36 (KHTML, like Gecko) Chrome/79.0.3945.79 Safari/537.36"
::1 - - [11/Jan/2020:11:21:13 +0000] "POST /mqtt HTTP/1.1" 500 24 "-" "Mozilla/5.0 (X11; Linux x86_64) AppleWebKit/537.36 (KHTML, like Gecko) Chrome/79.0.3945.79 Safari/537.36"
::1 - - [11/Jan/2020:11:21:28 +0000] "GET /__webpack_hmr/client HTTP/1.1" 404 159 "http://localhost:3000/" "Mozilla/5.0 (X11; Linux x86_64) AppleWebKit/537.36 (KHTML, like Gecko) Chrome/79.0.3945.79 Safari/537.36"
::1 - - [11/Jan/2020:11:21:59 +0000] "GET /__webpack_hmr/client HTTP/1.1" 404 159 "http://localhost:3000/" "Mozilla/5.0 (X11; Linux x86_64) AppleWebKit/537.36 (KHTML, like Gecko) Chrome/79.0.3945.79 Safari/537.36"
::1 - - [11/Jan/2020:11:22:07 +0000] "POST /mqtt HTTP/1.1" 500 24 "-" "Mozilla/5.0 (X11; Linux x86_64) AppleWebKit/537.36 (KHTML, like Gecko) Chrome/79.0.3945.79 Safari/537.36"
::1 - - [11/Jan/2020:11:22:30 +0000] "GET /__webpack_hmr/client HTTP/1.1" 404 159 "http://localhost:3000/" "Mozilla/5.0 (X11; Linux x86_64) AppleWebKit/537.36 (KHTML, like Gecko) Chrome/79.0.3945.79 Safari/537.36"
::1 - - [11/Jan/2020:11:23:01 +0000] "GET /__webpack_hmr/client HTTP/1.1" 404 159 "http://localhost:3000/" "Mozilla/5.0 (X11; Linux x86_64) AppleWebKit/537.36 (KHTML, like Gecko) Chrome/79.0.3945.79 Safari/537.36"
::1 - - [11/Jan/2020:11:23:34 +0000] "GET /__webpack_hmr/client HTTP/1.1" 404 159 "http://localhost:3000/" "Mozilla/5.0 (X11; Linux x86_64) AppleWebKit/537.36 (KHTML, like Gecko) Chrome/79.0.3945.79 Safari/537.36"
::1 - - [11/Jan/2020:11:23:51 +0000] "POST /mqtt HTTP/1.1" 200 24 "-" "Mozilla/5.0 (X11; Linux x86_64) AppleWebKit/537.36 (KHTML, like Gecko) Chrome/79.0.3945.79 Safari/537.36"
::1 - - [11/Jan/2020:11:23:56 +0000] "POST /mqtt HTTP/1.1" 500 25 "-" "Mozilla/5.0 (X11; Linux x86_64) AppleWebKit/537.36 (KHTML, like Gecko) Chrome/79.0.3945.79 Safari/537.36"
::1 - - [11/Jan/2020:11:24:04 +0000] "GET /__webpack_hmr/client HTTP/1.1" 404 159 "http://localhost:3000/" "Mozilla/5.0 (X11; Linux x86_64) AppleWebKit/537.36 (KHTML, like Gecko) Chrome/79.0.3945.79 Safari/537.36"
::1 - - [11/Jan/2020:11:24:05 +0000] "POST /mqtt HTTP/1.1" 200 24 "-" "Mozilla/5.0 (X11; Linux x86_64) AppleWebKit/537.36 (KHTML, like Gecko) Chrome/79.0.3945.79 Safari/537.36"
::1 - - [11/Jan/2020:11:24:09 +0000] "POST /mqtt HTTP/1.1" 500 35 "-" "Mozilla/5.0 (X11; Linux x86_64) AppleWebKit/537.36 (KHTML, like Gecko) Chrome/79.0.3945.79 Safari/537.36"
::1 - - [11/Jan/2020:11:24:35 +0000] "GET /__webpack_hmr/client HTTP/1.1" 404 159 "http://localhost:3000/" "Mozilla/5.0 (X11; Linux x86_64) AppleWebKit/537.36 (KHTML, like Gecko) Chrome/79.0.3945.79 Safari/537.36"
::1 - - [11/Jan/2020:11:25:06 +0000] "GET /__webpack_hmr/client HTTP/1.1" 404 159 "http://localhost:3000/" "Mozilla/5.0 (X11; Linux x86_64) AppleWebKit/537.36 (KHTML, like Gecko) Chrome/79.0.3945.79 Safari/537.36"
::1 - - [11/Jan/2020:11:25:25 +0000] "POST /mqtt HTTP/1.1" 500 32 "-" "Mozilla/5.0 (X11; Linux x86_64) AppleWebKit/537.36 (KHTML, like Gecko) Chrome/79.0.3945.79 Safari/537.36"
::1 - - [11/Jan/2020:11:25:31 +0000] "POST /mqtt HTTP/1.1" 500 31 "-" "Mozilla/5.0 (X11; Linux x86_64) AppleWebKit/537.36 (KHTML, like Gecko) Chrome/79.0.3945.79 Safari/537.36"
::1 - - [11/Jan/2020:11:25:37 +0000] "GET /__webpack_hmr/client HTTP/1.1" 404 159 "http://localhost:3000/" "Mozilla/5.0 (X11; Linux x86_64) AppleWebKit/537.36 (KHTML, like Gecko) Chrome/79.0.3945.79 Safari/537.36"
::1 - - [11/Jan/2020:11:25:39 +0000] "POST /mqtt HTTP/1.1" 500 31 "-" "Mozilla/5.0 (X11; Linux x86_64) AppleWebKit/537.36 (KHTML, like Gecko) Chrome/79.0.3945.79 Safari/537.36"
::1 - - [11/Jan/2020:11:26:10 +0000] "GET /__webpack_hmr/client HTTP/1.1" 404 159 "http://localhost:3000/" "Mozilla/5.0 (X11; Linux x86_64) AppleWebKit/537.36 (KHTML, like Gecko) Chrome/79.0.3945.79 Safari/537.36"
::1 - - [11/Jan/2020:11:26:41 +0000] "GET /__webpack_hmr/client HTTP/1.1" 404 159 "http://localhost:3000/" "Mozilla/5.0 (X11; Linux x86_64) AppleWebKit/537.36 (KHTML, like Gecko) Chrome/79.0.3945.79 Safari/537.36"
::1 - - [11/Jan/2020:11:26:51 +0000] "POST /mqtt HTTP/1.1" 200 24 "-" "Mozilla/5.0 (X11; Linux x86_64) AppleWebKit/537.36 (KHTML, like Gecko) Chrome/79.0.3945.79 Safari/537.36"
::1 - - [11/Jan/2020:11:26:54 +0000] "POST /mqtt HTTP/1.1" 500 32 "-" "Mozilla/5.0 (X11; Linux x86_64) AppleWebKit/537.36 (KHTML, like Gecko) Chrome/79.0.3945.79 Safari/537.36"
::1 - - [11/Jan/2020:11:26:59 +0000] "POST /mqtt HTTP/1.1" 200 24 "-" "Mozilla/5.0 (X11; Linux x86_64) AppleWebKit/537.36 (KHTML, like Gecko) Chrome/79.0.3945.79 Safari/537.36"
::1 - - [11/Jan/2020:11:27:12 +0000] "GET /__webpack_hmr/client HTTP/1.1" 404 159 "http://localhost:3000/" "Mozilla/5.0 (X11; Linux x86_64) AppleWebKit/537.36 (KHTML, like Gecko) Chrome/79.0.3945.79 Safari/537.36"
::1 - - [11/Jan/2020:11:27:43 +0000] "GET /__webpack_hmr/client HTTP/1.1" 404 159 "http://localhost:3000/" "Mozilla/5.0 (X11; Linux x86_64) AppleWebKit/537.36 (KHTML, like Gecko) Chrome/79.0.3945.79 Safari/537.36"
::1 - - [11/Jan/2020:11:28:14 +0000] "GET /__webpack_hmr/client HTTP/1.1" 404 159 "http://localhost:3000/" "Mozilla/5.0 (X11; Linux x86_64) AppleWebKit/537.36 (KHTML, like Gecko) Chrome/79.0.3945.79 Safari/537.36"
::1 - - [11/Jan/2020:11:28:45 +0000] "GET /__webpack_hmr/client HTTP/1.1" 404 159 "http://localhost:3000/" "Mozilla/5.0 (X11; Linux x86_64) AppleWebKit/537.36 (KHTML, like Gecko) Chrome/79.0.3945.79 Safari/537.36"
::1 - - [11/Jan/2020:11:29:16 +0000] "GET /__webpack_hmr/client HTTP/1.1" 404 159 "http://localhost:3000/" "Mozilla/5.0 (X11; Linux x86_64) AppleWebKit/537.36 (KHTML, like Gecko) Chrome/79.0.3945.79 Safari/537.36"
::1 - - [11/Jan/2020:11:29:47 +0000] "GET /__webpack_hmr/client HTTP/1.1" 404 159 "http://localhost:3000/" "Mozilla/5.0 (X11; Linux x86_64) AppleWebKit/537.36 (KHTML, like Gecko) Chrome/79.0.3945.79 Safari/537.36"
::1 - - [11/Jan/2020:11:30:18 +0000] "GET /__webpack_hmr/client HTTP/1.1" 404 159 "http://localhost:3000/" "Mozilla/5.0 (X11; Linux x86_64) AppleWebKit/537.36 (KHTML, like Gecko) Chrome/79.0.3945.79 Safari/537.36"
::1 - - [11/Jan/2020:11:30:49 +0000] "GET /__webpack_hmr/client HTTP/1.1" 404 159 "http://localhost:3000/" "Mozilla/5.0 (X11; Linux x86_64) AppleWebKit/537.36 (KHTML, like Gecko) Chrome/79.0.3945.79 Safari/537.36"
::1 - - [11/Jan/2020:11:31:20 +0000] "GET /__webpack_hmr/client HTTP/1.1" 404 159 "http://localhost:3000/" "Mozilla/5.0 (X11; Linux x86_64) AppleWebKit/537.36 (KHTML, like Gecko) Chrome/79.0.3945.79 Safari/537.36"
::1 - - [11/Jan/2020:11:31:51 +0000] "GET /__webpack_hmr/client HTTP/1.1" 404 159 "http://localhost:3000/" "Mozilla/5.0 (X11; Linux x86_64) AppleWebKit/537.36 (KHTML, like Gecko) Chrome/79.0.3945.79 Safari/537.36"
::1 - - [11/Jan/2020:11:32:22 +0000] "GET /__webpack_hmr/client HTTP/1.1" 404 159 "http://localhost:3000/" "Mozilla/5.0 (X11; Linux x86_64) AppleWebKit/537.36 (KHTML, like Gecko) Chrome/79.0.3945.79 Safari/537.36"
::1 - - [11/Jan/2020:11:32:53 +0000] "GET /__webpack_hmr/client HTTP/1.1" 404 159 "http://localhost:3000/" "Mozilla/5.0 (X11; Linux x86_64) AppleWebKit/537.36 (KHTML, like Gecko) Chrome/79.0.3945.79 Safari/537.36"
